[2026-04-15 02:13:15] [INFO] [directories_scraper] ============================================================
[2026-04-15 02:13:15] [INFO] [directories_scraper] Local Directories Scraper (Selenium Edition) — Starting
[2026-04-15 02:13:15] [INFO] [directories_scraper] Niches: logistics, retail, healthcare, education
[2026-04-15 02:13:15] [INFO] [directories_scraper] US Locations: New York, NY, Los Angeles, CA, Chicago, IL, Houston, TX
[2026-04-15 02:13:15] [INFO] [directories_scraper] CA Locations: Toronto, ON, Vancouver, BC, Montreal, QC
[2026-04-15 02:13:15] [INFO] [directories_scraper] ============================================================
[2026-04-15 02:13:22] [INFO] [directories_scraper] --- Niche: logistics ---
[2026-04-15 02:13:22] [INFO] [directories_scraper]   YellowPages: logistics in New York, NY
[2026-04-15 02:13:39] [DEBUG] [directories_scraper]     No YP results on page 2
[2026-04-15 02:13:39] [INFO] [directories_scraper]     -> 60 listings
[2026-04-15 02:13:46] [INFO] [directories_scraper]   YellowPages: logistics in Los Angeles, CA
[2026-04-15 02:13:50] [DEBUG] [directories_scraper]     No YP results on page 1
[2026-04-15 02:13:50] [INFO] [directories_scraper]     -> 0 listings
[2026-04-15 02:13:54] [INFO] [directories_scraper]   YellowPages: logistics in Chicago, IL
[2026-04-15 02:13:58] [DEBUG] [directories_scraper]     No YP results on page 1
[2026-04-15 02:13:58] [INFO] [directories_scraper]     -> 0 listings
[2026-04-15 02:14:03] [INFO] [directories_scraper]   YellowPages: logistics in Houston, TX
[2026-04-15 02:14:08] [DEBUG] [directories_scraper]     No YP results on page 1
[2026-04-15 02:14:08] [INFO] [directories_scraper]     -> 0 listings
[2026-04-15 02:14:11] [INFO] [directories_scraper]   Yelp: logistics in New York, NY
[2026-04-15 02:14:20] [DEBUG] [directories_scraper]     No Yelp results on page 1
[2026-04-15 02:14:20] [INFO] [directories_scraper]     -> 0 listings
[2026-04-15 02:14:23] [INFO] [directories_scraper]   Yelp: logistics in Los Angeles, CA
[2026-04-15 02:14:28] [DEBUG] [directories_scraper]     No Yelp results on page 1
[2026-04-15 02:14:28] [INFO] [directories_scraper]     -> 0 listings
[2026-04-15 02:14:32] [INFO] [directories_scraper]   Yelp: logistics in Chicago, IL
[2026-04-15 02:14:35] [DEBUG] [directories_scraper]     No Yelp results on page 1
[2026-04-15 02:14:35] [INFO] [directories_scraper]     -> 0 listings
[2026-04-15 02:14:41] [INFO] [directories_scraper]   Yelp: logistics in Houston, TX
[2026-04-15 02:14:45] [DEBUG] [directories_scraper]     No Yelp results on page 1
[2026-04-15 02:14:45] [INFO] [directories_scraper]     -> 0 listings
[2026-04-15 02:14:49] [INFO] [directories_scraper]   Canada411: logistics in Toronto, ON
[2026-04-15 02:14:53] [DEBUG] [directories_scraper]     No Canada411 results on page 1
[2026-04-15 02:14:53] [INFO] [directories_scraper]     -> 0 listings
[2026-04-15 02:14:58] [INFO] [directories_scraper]   Canada411: logistics in Vancouver, BC
[2026-04-15 02:15:01] [DEBUG] [directories_scraper]     No Canada411 results on page 1
[2026-04-15 02:15:01] [INFO] [directories_scraper]     -> 0 listings
[2026-04-15 02:15:05] [INFO] [directories_scraper]   Canada411: logistics in Montreal, QC
[2026-04-15 02:15:08] [DEBUG] [directories_scraper]     No Canada411 results on page 1
[2026-04-15 02:15:08] [INFO] [directories_scraper]     -> 0 listings
[2026-04-15 02:15:11] [INFO] [directories_scraper] --- Niche: retail ---
[2026-04-15 02:15:11] [INFO] [directories_scraper]   YellowPages: retail in New York, NY
[2026-04-15 02:15:15] [DEBUG] [directories_scraper]     No YP results on page 1
[2026-04-15 02:15:15] [INFO] [directories_scraper]     -> 0 listings
[2026-04-15 02:15:18] [INFO] [directories_scraper]   YellowPages: retail in Los Angeles, CA
[2026-04-15 02:15:22] [DEBUG] [directories_scraper]     No YP results on page 1
[2026-04-15 02:15:22] [INFO] [directories_scraper]     -> 0 listings
[2026-04-15 02:15:28] [INFO] [directories_scraper]   YellowPages: retail in Chicago, IL
[2026-04-15 02:15:33] [DEBUG] [directories_scraper]     No YP results on page 1
[2026-04-15 02:15:33] [INFO] [directories_scraper]     -> 0 listings
[2026-04-15 02:15:37] [INFO] [directories_scraper]   YellowPages: retail in Houston, TX
[2026-04-15 02:15:41] [DEBUG] [directories_scraper]     No YP results on page 1
[2026-04-15 02:15:41] [INFO] [directories_scraper]     -> 0 listings
[2026-04-15 02:15:45] [INFO] [directories_scraper]   Yelp: retail in New York, NY
[2026-04-15 02:15:53] [DEBUG] [directories_scraper]     No Yelp results on page 1
[2026-04-15 02:15:53] [INFO] [directories_scraper]     -> 0 listings
[2026-04-15 02:15:58] [INFO] [directories_scraper]   Yelp: retail in Los Angeles, CA
[2026-04-15 02:16:03] [DEBUG] [directories_scraper]     No Yelp results on page 1
[2026-04-15 02:16:03] [INFO] [directories_scraper]     -> 0 listings
[2026-04-15 02:16:08] [INFO] [directories_scraper]   Yelp: retail in Chicago, IL
[2026-04-15 02:16:13] [DEBUG] [directories_scraper]     No Yelp results on page 1
[2026-04-15 02:16:13] [INFO] [directories_scraper]     -> 0 listings
[2026-04-15 02:16:18] [INFO] [directories_scraper]   Yelp: retail in Houston, TX
[2026-04-15 02:16:22] [DEBUG] [directories_scraper]     No Yelp results on page 1
[2026-04-15 02:16:22] [INFO] [directories_scraper]     -> 0 listings
[2026-04-15 02:16:27] [INFO] [directories_scraper]   Canada411: retail in Toronto, ON
[2026-04-15 02:16:31] [DEBUG] [directories_scraper]     No Canada411 results on page 1
[2026-04-15 02:16:31] [INFO] [directories_scraper]     -> 0 listings
[2026-04-15 02:16:34] [INFO] [directories_scraper]   Canada411: retail in Vancouver, BC
[2026-04-15 02:16:37] [DEBUG] [directories_scraper]     No Canada411 results on page 1
[2026-04-15 02:16:37] [INFO] [directories_scraper]     -> 0 listings
[2026-04-15 02:16:41] [INFO] [directories_scraper]   Canada411: retail in Montreal, QC
[2026-04-15 02:16:45] [DEBUG] [directories_scraper]     No Canada411 results on page 1
[2026-04-15 02:16:45] [INFO] [directories_scraper]     -> 0 listings
[2026-04-15 02:16:51] [INFO] [directories_scraper] --- Niche: healthcare ---
[2026-04-15 02:16:51] [INFO] [directories_scraper]   YellowPages: healthcare in New York, NY
[2026-04-15 02:16:56] [DEBUG] [directories_scraper]     No YP results on page 1
[2026-04-15 02:16:56] [INFO] [directories_scraper]     -> 0 listings
[2026-04-15 02:17:00] [INFO] [directories_scraper]   YellowPages: healthcare in Los Angeles, CA
[2026-04-15 02:17:04] [DEBUG] [directories_scraper]     No YP results on page 1
[2026-04-15 02:17:04] [INFO] [directories_scraper]     -> 0 listings
[2026-04-15 02:17:08] [INFO] [directories_scraper]   YellowPages: healthcare in Chicago, IL
[2026-04-15 02:17:11] [DEBUG] [directories_scraper]     No YP results on page 1
[2026-04-15 02:17:11] [INFO] [directories_scraper]     -> 0 listings
[2026-04-15 02:17:18] [INFO] [directories_scraper]   YellowPages: healthcare in Houston, TX
[2026-04-15 02:17:22] [DEBUG] [directories_scraper]     No YP results on page 1
[2026-04-15 02:17:22] [INFO] [directories_scraper]     -> 0 listings
[2026-04-15 02:17:28] [INFO] [directories_scraper]   Yelp: healthcare in New York, NY
[2026-04-15 02:17:34] [DEBUG] [directories_scraper]     No Yelp results on page 1
[2026-04-15 02:17:34] [INFO] [directories_scraper]     -> 0 listings
[2026-04-15 02:17:41] [INFO] [directories_scraper]   Yelp: healthcare in Los Angeles, CA
[2026-04-15 02:17:45] [DEBUG] [directories_scraper]     No Yelp results on page 1
[2026-04-15 02:17:45] [INFO] [directories_scraper]     -> 0 listings
[2026-04-15 02:17:50] [INFO] [directories_scraper]   Yelp: healthcare in Chicago, IL
[2026-04-15 02:17:54] [DEBUG] [directories_scraper]     No Yelp results on page 1
[2026-04-15 02:17:54] [INFO] [directories_scraper]     -> 0 listings
[2026-04-15 02:18:00] [INFO] [directories_scraper]   Yelp: healthcare in Houston, TX
[2026-04-15 02:18:04] [DEBUG] [directories_scraper]     No Yelp results on page 1
[2026-04-15 02:18:04] [INFO] [directories_scraper]     -> 0 listings
[2026-04-15 02:18:08] [INFO] [directories_scraper]   Canada411: healthcare in Toronto, ON
[2026-04-15 02:18:12] [DEBUG] [directories_scraper]     No Canada411 results on page 1
[2026-04-15 02:18:12] [INFO] [directories_scraper]     -> 0 listings
[2026-04-15 02:18:17] [INFO] [directories_scraper]   Canada411: healthcare in Vancouver, BC
[2026-04-15 02:18:21] [DEBUG] [directories_scraper]     No Canada411 results on page 1
[2026-04-15 02:18:21] [INFO] [directories_scraper]     -> 0 listings
[2026-04-15 02:18:26] [INFO] [directories_scraper]   Canada411: healthcare in Montreal, QC
[2026-04-15 02:18:28] [DEBUG] [directories_scraper]     No Canada411 results on page 1
[2026-04-15 02:18:28] [INFO] [directories_scraper]     -> 0 listings
[2026-04-15 02:18:35] [INFO] [directories_scraper] --- Niche: education ---
[2026-04-15 02:18:35] [INFO] [directories_scraper]   YellowPages: education in New York, NY
[2026-04-15 02:18:39] [DEBUG] [directories_scraper]     No YP results on page 1
[2026-04-15 02:18:39] [INFO] [directories_scraper]     -> 0 listings
[2026-04-15 02:18:46] [INFO] [directories_scraper]   YellowPages: education in Los Angeles, CA
[2026-04-15 02:18:49] [DEBUG] [directories_scraper]     No YP results on page 1
[2026-04-15 02:18:49] [INFO] [directories_scraper]     -> 0 listings
[2026-04-15 02:18:55] [INFO] [directories_scraper]   YellowPages: education in Chicago, IL
[2026-04-15 02:18:59] [DEBUG] [directories_scraper]     No YP results on page 1
[2026-04-15 02:18:59] [INFO] [directories_scraper]     -> 0 listings
[2026-04-15 02:19:02] [INFO] [directories_scraper]   YellowPages: education in Houston, TX
[2026-04-15 02:19:07] [DEBUG] [directories_scraper]     No YP results on page 1
[2026-04-15 02:19:07] [INFO] [directories_scraper]     -> 0 listings
[2026-04-15 02:19:11] [INFO] [directories_scraper]   Yelp: education in New York, NY
[2026-04-15 02:19:15] [DEBUG] [directories_scraper]     No Yelp results on page 1
[2026-04-15 02:19:15] [INFO] [directories_scraper]     -> 0 listings
[2026-04-15 02:19:21] [INFO] [directories_scraper]   Yelp: education in Los Angeles, CA
[2026-04-15 02:19:24] [DEBUG] [directories_scraper]     No Yelp results on page 1
[2026-04-15 02:19:24] [INFO] [directories_scraper]     -> 0 listings
[2026-04-15 02:19:29] [INFO] [directories_scraper]   Yelp: education in Chicago, IL
[2026-04-15 02:19:33] [DEBUG] [directories_scraper]     No Yelp results on page 1
[2026-04-15 02:19:33] [INFO] [directories_scraper]     -> 0 listings
[2026-04-15 02:19:39] [INFO] [directories_scraper]   Yelp: education in Houston, TX
[2026-04-15 02:19:42] [DEBUG] [directories_scraper]     No Yelp results on page 1
[2026-04-15 02:19:42] [INFO] [directories_scraper]     -> 0 listings
[2026-04-15 02:19:50] [INFO] [directories_scraper]   Canada411: education in Toronto, ON
[2026-04-15 02:19:55] [DEBUG] [directories_scraper]     No Canada411 results on page 1
[2026-04-15 02:19:55] [INFO] [directories_scraper]     -> 0 listings
[2026-04-15 02:20:00] [INFO] [directories_scraper]   Canada411: education in Vancouver, BC
[2026-04-15 02:20:02] [DEBUG] [directories_scraper]     No Canada411 results on page 1
[2026-04-15 02:20:02] [INFO] [directories_scraper]     -> 0 listings
[2026-04-15 02:20:08] [INFO] [directories_scraper]   Canada411: education in Montreal, QC
[2026-04-15 02:20:13] [DEBUG] [directories_scraper]     No Canada411 results on page 1
[2026-04-15 02:20:13] [INFO] [directories_scraper]     -> 0 listings
[2026-04-15 02:20:21] [INFO] [directories_scraper] Directories Scraper — Done. Total unique listings: 30
